  [1m[36m (0.1ms)[0m  [1mselect sqlite_version(*)[0m
  [1m[35m (2.2ms)[0m  CREATE TABLE "schema_migrations" ("version" varchar(255) NOT NULL) 
  [1m[36m (0.0ms)[0m  [1mPRAGMA index_list("schema_migrations")[0m
  [1m[35m (0.8ms)[0m  CREATE UNIQUE INDEX "unique_schema_migrations" ON "schema_migrations" ("version")
  [1m[36m (0.1ms)[0m  [1mSELECT "schema_migrations"."version" FROM "schema_migrations" [0m
Migrating to CreateUsers (20110923002825)
  [1m[35m (0.3ms)[0m  CREATE TABLE "users" ("id" INTEGER PRIMARY KEY AUTOINCREMENT NOT NULL, "Name" varchar(255), "UniqueID" varchar(255), "Username" varchar(255), "keyPass" varchar(255), "created_at" datetime, "updated_at" datetime) 
  [1m[36m (0.1ms)[0m  [1mINSERT INTO "schema_migrations" ("version") VALUES ('20110923002825')[0m
  [1m[35m (0.2ms)[0m  select sqlite_version(*)
  [1m[36m (0.1ms)[0m  [1mSELECT "schema_migrations"."version" FROM "schema_migrations" [0m
  [1m[35m (0.0ms)[0m  PRAGMA index_list("users")


Started GET "/users" for 127.0.0.1 at 2011-09-22 19:28:41 -0500
  Processing by UsersController#index as HTML
  [1m[36mUser Load (0.1ms)[0m  [1mSELECT "users".* FROM "users" [0m
Rendered users/index.html.erb within layouts/application (8.5ms)
Compiled application.css  (1ms)  (pid 1171)
Compiled scaffolds.css  (13ms)  (pid 1171)
Compiled users.css  (1ms)  (pid 1171)
Compiled application.js  (2ms)  (pid 1171)
Compiled jquery.js  (1ms)  (pid 1171)
Compiled jquery_ujs.js  (0ms)  (pid 1171)
Compiled users.js  (60ms)  (pid 1171)
Completed 200 OK in 182ms (Views: 181.2ms | ActiveRecord: 0.1ms)


Started GET "/assets/application.css?body=1" for 127.0.0.1 at 2011-09-22 19:28:42 -0500
Served asset /application.css - 304 Not Modified (11ms)


Started GET "/assets/users.js?body=1" for 127.0.0.1 at 2011-09-22 19:28:42 -0500
Served asset /users.js - 304 Not Modified (5ms)


Started GET "/assets/scaffolds.css?body=1" for 127.0.0.1 at 2011-09-22 19:28:42 -0500
Served asset /scaffolds.css - 304 Not Modified (3ms)


Started GET "/assets/users.css?body=1" for 127.0.0.1 at 2011-09-22 19:28:42 -0500
Served asset /users.css - 304 Not Modified (5ms)


Started GET "/assets/application.js?body=1" for 127.0.0.1 at 2011-09-22 19:28:42 -0500
Served asset /application.js - 304 Not Modified (4ms)


Started GET "/users" for 127.0.0.1 at 2011-09-22 19:29:37 -0500
  Processing by UsersController#index as HTML
  [1m[35mUser Load (0.1ms)[0m  SELECT "users".* FROM "users" 
Rendered users/index.html.erb within layouts/application (1.0ms)
Completed 200 OK in 7ms (Views: 5.7ms | ActiveRecord: 0.2ms)


Started GET "/assets/application.css?body=1" for 127.0.0.1 at 2011-09-22 19:29:37 -0500
Served asset /application.css - 304 Not Modified (0ms)


Started GET "/assets/scaffolds.css?body=1" for 127.0.0.1 at 2011-09-22 19:29:37 -0500
Served asset /scaffolds.css - 304 Not Modified (0ms)


Started GET "/assets/users.css?body=1" for 127.0.0.1 at 2011-09-22 19:29:37 -0500
Served asset /users.css - 304 Not Modified (0ms)


Started GET "/assets/users.js?body=1" for 127.0.0.1 at 2011-09-22 19:29:37 -0500
Served asset /users.js - 304 Not Modified (0ms)


Started GET "/assets/application.js?body=1" for 127.0.0.1 at 2011-09-22 19:29:37 -0500
Served asset /application.js - 304 Not Modified (20ms)


Started GET "/assets/rails.png" for 127.0.0.1 at 2011-09-23 11:37:03 -0500
Served asset /rails.png - 200 OK (1022ms)


Started GET "/assets/rails.png" for 127.0.0.1 at 2011-09-24 10:42:47 -0500
Served asset /rails.png - 200 OK (10ms)


Started GET "/assets/rails.png" for 127.0.0.1 at 2011-11-03 15:30:12 -0500
Served asset /rails.png - 200 OK (34ms)


Started GET "/users.html" for 127.0.0.1 at 2011-11-03 15:32:03 -0500
  Processing by UsersController#index as HTML
  [1m[36mUser Load (6.1ms)[0m  [1mSELECT "users".* FROM "users" [0m
Rendered users/index.html.erb within layouts/application (18.1ms)
Completed 200 OK in 177ms (Views: 169.8ms | ActiveRecord: 6.1ms)


Started GET "/assets/application.css?body=1" for 127.0.0.1 at 2011-11-03 15:32:04 -0500
Served asset /application.css - 200 OK (0ms)


Started GET "/assets/scaffolds.css?body=1" for 127.0.0.1 at 2011-11-03 15:32:04 -0500
Served asset /scaffolds.css - 200 OK (4ms)


Started GET "/assets/users.css?body=1" for 127.0.0.1 at 2011-11-03 15:32:04 -0500
Served asset /users.css - 200 OK (2ms)


Started GET "/assets/jquery.js?body=1" for 127.0.0.1 at 2011-11-03 15:32:04 -0500
Served asset /jquery.js - 200 OK (8ms)


Started GET "/assets/jquery_ujs.js?body=1" for 127.0.0.1 at 2011-11-03 15:32:04 -0500
Served asset /jquery_ujs.js - 200 OK (4ms)


Started GET "/assets/users.js?body=1" for 127.0.0.1 at 2011-11-03 15:32:04 -0500
Served asset /users.js - 200 OK (2ms)


Started GET "/assets/application.js?body=1" for 127.0.0.1 at 2011-11-03 15:32:04 -0500
Served asset /application.js - 200 OK (24ms)


Started GET "/users/new" for 127.0.0.1 at 2011-11-03 15:32:08 -0500
  Processing by UsersController#new as HTML
Rendered users/_form.html.erb (25.8ms)
Rendered users/new.html.erb within layouts/application (44.8ms)
Completed 200 OK in 84ms (Views: 83.5ms | ActiveRecord: 0.2ms)
